<?xml version="1.0" encoding="UTF-8"?>
<beans xmlns="http://www.springframework.org/schema/beans"
	xmlns:xsi="http://www.w3.org/2001/XMLSchema-instance"
	xmlns:context="http://www.springframework.org/schema/context"
	xmlns:jdbc="http://www.springframework.org/schema/jdbc"
	xmlns:oxm="http://www.springframework.org/schema/oxm"
	xmlns:util="http://www.springframework.org/schema/util"
	xsi:schemaLocation="http://www.springframework.org/schema/jdbc http://www.springframework.org/schema/jdbc/spring-jdbc-3.0.xsd
		http://www.springframework.org/schema/oxm http://www.springframework.org/schema/oxm/spring-oxm-3.0.xsd
		http://www.springframework.org/schema/beans http://www.springframework.org/schema/beans/spring-beans-3.0.xsd
		http://www.springframework.org/schema/util http://www.springframework.org/schema/util/spring-util-3.0.xsd
		http://www.springframework.org/schema/context http://www.springframework.org/schema/context/spring-context-3.0.xsd">

	<bean id="datasource" class="org.apache.commons.dbcp.BasicDataSource" destroy-method="close">
		<property name="driverClassName" value="org.hsqldb.jdbcDriver" />
		<property name="url" value="jdbc:hsqldb:file:target/testAllBackend" />
		<property name="username" value="sa" />
		<property name="password" value="" />
	</bean>
	
	<bean id="sessionFactory"
		class="org.springframework.orm.hibernate3.annotation.AnnotationSessionFactoryBean">
		<property name="dataSource" ref="datasource" />
		<property name="annotatedClasses">
			<list>
				<value>com.all.shared.model.User</value>
				<value>com.all.shared.model.City</value>
				<value>com.all.shared.model.PendingEmail</value>
				<value>com.all.shared.model.Avatar</value>
				<value>com.all.shared.model.ContactRequest</value>
				<value>com.all.backend.commons.contact.ContactsRelationship</value>
				<value>com.all.backend.commons.signup.RegistrationPending</value>
				<value>com.all.backend.commons.signup.PasswordResetRequest</value>
				<value>com.all.backend.commons.contact.DefaultContacts</value>
			</list>
		</property>
		<property name="hibernateProperties">
			<props>
				<prop key="hibernate.dialect">org.hibernate.dialect.HSQLDialect</prop>
				<prop key="hibernate.hbm2ddl.auto">update</prop>
				<prop key="hibernate.cache.provider_class">org.hibernate.cache.NoCacheProvider</prop>
				<prop key="hibernate.show_sql">true</prop>
				<prop key="hibernate.format_sql">true</prop>
				<prop key="hibernate.show_comments">true</prop>
			</props>
		</property>
	</bean>
	
</beans>
